<?xml version="1.0" encoding="UTF-8"?>
<testsuite xmlns:xsi="http://www.w3.org/2001/XMLSchema-instance" xsi:noNamespaceSchemaLocation="https://maven.apache.org/surefire/maven-surefire-plugin/xsd/surefire-test-report.xsd" name="uk.gov.gchq.palisade.example.rule.TestHireDateRule" time="0.005" tests="8" errors="0" skipped="0" failures="1">
  <properties>
    <property name="log4j.configuration" value="file:C:\Users\kudzinc\Documents\dev\egeria-palisade\palisade\example-model\target\test-classes/log4j.xml"/>
    <property name="restUserServicePort" value="9083"/>
    <property name="java.specification.version" value="13"/>
    <property name="sun.cpu.isalist" value="amd64"/>
    <property name="sun.jnu.encoding" value="Cp1252"/>
    <property name="java.class.path" value="C:\Users\kudzinc\Documents\dev\egeria-palisade\palisade\example-model\target\test-classes;C:\Users\kudzinc\Documents\dev\egeria-palisade\palisade\example-model\target\classes;C:\Users\kudzinc\.m2\repository\uk\gov\gchq\palisade\common\0.3.1-SNAPSHOT\common-0.3.1-SNAPSHOT.jar;C:\Users\kudzinc\.m2\repository\com\fasterxml\jackson\core\jackson-core\2.9.8\jackson-core-2.9.8.jar;C:\Users\kudzinc\.m2\repository\com\fasterxml\jackson\core\jackson-annotations\2.9.8\jackson-annotations-2.9.8.jar;C:\Users\kudzinc\.m2\repository\com\fasterxml\jackson\core\jackson-databind\2.9.8\jackson-databind-2.9.8.jar;C:\Users\kudzinc\.m2\repository\com\fasterxml\jackson\datatype\jackson-datatype-jdk8\2.9.8\jackson-datatype-jdk8-2.9.8.jar;C:\Users\kudzinc\.m2\repository\com\fasterxml\jackson\datatype\jackson-datatype-jsr310\2.9.8\jackson-datatype-jsr310-2.9.8.jar;C:\Users\kudzinc\.m2\repository\commons-io\commons-io\2.6\commons-io-2.6.jar;C:\Users\kudzinc\.m2\repository\org\apache\avro\avro\1.8.2\avro-1.8.2.jar;C:\Users\kudzinc\.m2\repository\org\codehaus\jackson\jackson-core-asl\1.9.13\jackson-core-asl-1.9.13.jar;C:\Users\kudzinc\.m2\repository\org\codehaus\jackson\jackson-mapper-asl\1.9.13\jackson-mapper-asl-1.9.13.jar;C:\Users\kudzinc\.m2\repository\com\thoughtworks\paranamer\paranamer\2.7\paranamer-2.7.jar;C:\Users\kudzinc\.m2\repository\org\xerial\snappy\snappy-java\1.1.1.3\snappy-java-1.1.1.3.jar;C:\Users\kudzinc\.m2\repository\org\apache\commons\commons-compress\1.8.1\commons-compress-1.8.1.jar;C:\Users\kudzinc\.m2\repository\org\tukaani\xz\1.5\xz-1.5.jar;C:\Users\kudzinc\.m2\repository\uk\gov\gchq\palisade\simple-data-service\0.3.1-SNAPSHOT\simple-data-service-0.3.1-SNAPSHOT.jar;C:\Users\kudzinc\.m2\repository\uk\gov\gchq\palisade\palisade-service\0.3.1-SNAPSHOT\palisade-service-0.3.1-SNAPSHOT.jar;C:\Users\kudzinc\.m2\repository\uk\gov\gchq\palisade\cache-service\0.3.1-SNAPSHOT\cache-service-0.3.1-SNAPSHOT.jar;C:\Users\kudzinc\.m2\repository\uk\gov\gchq\palisade\audit-service\0.3.1-SNAPSHOT\audit-service-0.3.1-SNAPSHOT.jar;C:\Users\kudzinc\.m2\repository\uk\gov\gchq\palisade\data-service\0.3.1-SNAPSHOT\data-service-0.3.1-SNAPSHOT.jar;C:\Users\kudzinc\.m2\repository\uk\gov\gchq\palisade\simple-client\0.3.1-SNAPSHOT\simple-client-0.3.1-SNAPSHOT.jar;C:\Users\kudzinc\.m2\repository\uk\gov\gchq\palisade\client-common\0.3.1-SNAPSHOT\client-common-0.3.1-SNAPSHOT.jar;C:\Users\kudzinc\.m2\repository\uk\gov\gchq\palisade\config-service\0.3.1-SNAPSHOT\config-service-0.3.1-SNAPSHOT.jar;C:\Users\kudzinc\.m2\repository\uk\gov\gchq\palisade\proxy-rest-config-service\0.3.1-SNAPSHOT\proxy-rest-config-service-0.3.1-SNAPSHOT.jar;C:\Users\kudzinc\.m2\repository\uk\gov\gchq\palisade\proxy-rest-service\0.3.1-SNAPSHOT\proxy-rest-service-0.3.1-SNAPSHOT.jar;C:\Users\kudzinc\.m2\repository\uk\gov\gchq\palisade\proxy-rest-data-service\0.3.1-SNAPSHOT\proxy-rest-data-service-0.3.1-SNAPSHOT.jar;C:\Users\kudzinc\.m2\repository\uk\gov\gchq\palisade\proxy-rest-policy-service\0.3.1-SNAPSHOT\proxy-rest-policy-service-0.3.1-SNAPSHOT.jar;C:\Users\kudzinc\.m2\repository\uk\gov\gchq\palisade\proxy-rest-resource-service\0.3.1-SNAPSHOT\proxy-rest-resource-service-0.3.1-SNAPSHOT.jar;C:\Users\kudzinc\.m2\repository\uk\gov\gchq\palisade\resource-service\0.3.1-SNAPSHOT\resource-service-0.3.1-SNAPSHOT.jar;C:\Users\kudzinc\.m2\repository\uk\gov\gchq\palisade\proxy-rest-palisade-service\0.3.1-SNAPSHOT\proxy-rest-palisade-service-0.3.1-SNAPSHOT.jar;C:\Users\kudzinc\.m2\repository\uk\gov\gchq\palisade\proxy-rest-user-service\0.3.1-SNAPSHOT\proxy-rest-user-service-0.3.1-SNAPSHOT.jar;C:\Users\kudzinc\.m2\repository\uk\gov\gchq\palisade\etcd-backing-store\0.3.1-SNAPSHOT\etcd-backing-store-0.3.1-SNAPSHOT.jar;C:\Users\kudzinc\.m2\repository\io\etcd\jetcd-core\0.3.0\jetcd-core-0.3.0.jar;C:\Users\kudzinc\.m2\repository\io\etcd\jetcd-common\0.3.0\jetcd-common-0.3.0.jar;C:\Users\kudzinc\.m2\repository\io\etcd\jetcd-resolver\0.3.0\jetcd-resolver-0.3.0.jar;C:\Users\kudzinc\.m2\repository\io\grpc\grpc-core\1.17.1\grpc-core-1.17.1.jar;C:\Users\kudzinc\.m2\repository\io\grpc\grpc-context\1.17.1\grpc-context-1.17.1.jar;C:\Users\kudzinc\.m2\repository\com\google\code\gson\gson\2.7\gson-2.7.jar;C:\Users\kudzinc\.m2\repository\io\opencensus\opencensus-api\0.17.0\opencensus-api-0.17.0.jar;C:\Users\kudzinc\.m2\repository\io\opencensus\opencensus-contrib-grpc-metrics\0.17.0\opencensus-contrib-grpc-metrics-0.17.0.jar;C:\Users\kudzinc\.m2\repository\io\grpc\grpc-netty\1.17.1\grpc-netty-1.17.1.jar;C:\Users\kudzinc\.m2\repository\io\netty\netty-codec-http2\4.1.30.Final\netty-codec-http2-4.1.30.Final.jar;C:\Users\kudzinc\.m2\repository\io\netty\netty-codec-http\4.1.30.Final\netty-codec-http-4.1.30.Final.jar;C:\Users\kudzinc\.m2\repository\io\netty\netty-codec\4.1.30.Final\netty-codec-4.1.30.Final.jar;C:\Users\kudzinc\.m2\repository\io\netty\netty-handler\4.1.30.Final\netty-handler-4.1.30.Final.jar;C:\Users\kudzinc\.m2\repository\io\netty\netty-buffer\4.1.30.Final\netty-buffer-4.1.30.Final.jar;C:\Users\kudzinc\.m2\repository\io\netty\netty-common\4.1.30.Final\netty-common-4.1.30.Final.jar;C:\Users\kudzinc\.m2\repository\io\netty\netty-handler-proxy\4.1.30.Final\netty-handler-proxy-4.1.30.Final.jar;C:\Users\kudzinc\.m2\repository\io\netty\netty-transport\4.1.30.Final\netty-transport-4.1.30.Final.jar;C:\Users\kudzinc\.m2\repository\io\netty\netty-resolver\4.1.30.Final\netty-resolver-4.1.30.Final.jar;C:\Users\kudzinc\.m2\repository\io\netty\netty-codec-socks\4.1.30.Final\netty-codec-socks-4.1.30.Final.jar;C:\Users\kudzinc\.m2\repository\io\grpc\grpc-protobuf\1.17.1\grpc-protobuf-1.17.1.jar;C:\Users\kudzinc\.m2\repository\com\google\api\grpc\proto-google-common-protos\1.0.0\proto-google-common-protos-1.0.0.jar;C:\Users\kudzinc\.m2\repository\io\grpc\grpc-protobuf-lite\1.17.1\grpc-protobuf-lite-1.17.1.jar;C:\Users\kudzinc\.m2\repository\io\grpc\grpc-stub\1.17.1\grpc-stub-1.17.1.jar;C:\Users\kudzinc\.m2\repository\io\grpc\grpc-grpclb\1.17.1\grpc-grpclb-1.17.1.jar;C:\Users\kudzinc\.m2\repository\com\google\protobuf\protobuf-java-util\3.5.1\protobuf-java-util-3.5.1.jar;C:\Users\kudzinc\.m2\repository\com\google\protobuf\protobuf-java\3.5.1\protobuf-java-3.5.1.jar;C:\Users\kudzinc\.m2\repository\uk\gov\gchq\palisade\simple-config-service\0.3.1-SNAPSHOT\simple-config-service-0.3.1-SNAPSHOT.jar;C:\Users\kudzinc\.m2\repository\uk\gov\gchq\palisade\simple-cache-service\0.3.1-SNAPSHOT\simple-cache-service-0.3.1-SNAPSHOT.jar;C:\Users\kudzinc\.m2\repository\uk\gov\gchq\palisade\hashmap-backing-store\0.3.1-SNAPSHOT\hashmap-backing-store-0.3.1-SNAPSHOT.jar;C:\Users\kudzinc\.m2\repository\uk\gov\gchq\palisade\hadoop-data-service\0.3.1-SNAPSHOT\hadoop-data-service-0.3.1-SNAPSHOT.jar;C:\Users\kudzinc\.m2\repository\uk\gov\gchq\palisade\shade-hadoop-client\0.3.1-SNAPSHOT\shade-hadoop-client-0.3.1-SNAPSHOT.jar;C:\Users\kudzinc\.m2\repository\uk\gov\gchq\palisade\hierarchical-policy-service\0.3.1-SNAPSHOT\hierarchical-policy-service-0.3.1-SNAPSHOT.jar;C:\Users\kudzinc\.m2\repository\uk\gov\gchq\palisade\hadoop-resource-service\0.3.1-SNAPSHOT\hadoop-resource-service-0.3.1-SNAPSHOT.jar;C:\Users\kudzinc\.m2\repository\uk\gov\gchq\palisade\simple-palisade-service\0.3.1-SNAPSHOT\simple-palisade-service-0.3.1-SNAPSHOT.jar;C:\Users\kudzinc\.m2\repository\uk\gov\gchq\palisade\simple-user-service\0.3.1-SNAPSHOT\simple-user-service-0.3.1-SNAPSHOT.jar;C:\Users\kudzinc\.m2\repository\uk\gov\gchq\palisade\logger-audit-service\0.3.1-SNAPSHOT\logger-audit-service-0.3.1-SNAPSHOT.jar;C:\Users\kudzinc\.m2\repository\uk\gov\gchq\palisade\policy-service\0.3.1-SNAPSHOT\policy-service-0.3.1-SNAPSHOT.jar;C:\Users\kudzinc\.m2\repository\uk\gov\gchq\palisade\user-service\0.3.1-SNAPSHOT\user-service-0.3.1-SNAPSHOT.jar;C:\Users\kudzinc\.m2\repository\uk\gov\gchq\palisade\rest-redirector-service\0.3.1-SNAPSHOT\rest-redirector-service-0.3.1-SNAPSHOT.jar;C:\Users\kudzinc\.m2\repository\uk\gov\gchq\palisade\redirector-service\0.3.1-SNAPSHOT\redirector-service-0.3.1-SNAPSHOT.jar;C:\Users\kudzinc\.m2\repository\uk\gov\gchq\palisade\core-rest-service\0.3.1-SNAPSHOT\core-rest-service-0.3.1-SNAPSHOT-classes.jar;C:\Users\kudzinc\.m2\repository\org\glassfish\jersey\core\jersey-server\2.27\jersey-server-2.27.jar;C:\Users\kudzinc\.m2\repository\org\glassfish\jersey\core\jersey-client\2.27\jersey-client-2.27.jar;C:\Users\kudzinc\.m2\repository\javax\ws\rs\javax.ws.rs-api\2.1\javax.ws.rs-api-2.1.jar;C:\Users\kudzinc\.m2\repository\org\glassfish\jersey\media\jersey-media-jaxb\2.27\jersey-media-jaxb-2.27.jar;C:\Users\kudzinc\.m2\repository\javax\annotation\javax.annotation-api\1.2\javax.annotation-api-1.2.jar;C:\Users\kudzinc\.m2\repository\javax\validation\validation-api\1.1.0.Final\validation-api-1.1.0.Final.jar;C:\Users\kudzinc\.m2\repository\org\glassfish\hk2\hk2-api\2.5.0\hk2-api-2.5.0.jar;C:\Users\kudzinc\.m2\repository\org\glassfish\hk2\external\jakarta.inject\2.5.0\jakarta.inject-2.5.0.jar;C:\Users\kudzinc\.m2\repository\org\glassfish\hk2\hk2-utils\2.5.0\hk2-utils-2.5.0.jar;C:\Users\kudzinc\.m2\repository\jakarta\annotation\jakarta.annotation-api\1.3.4\jakarta.annotation-api-1.3.4.jar;C:\Users\kudzinc\.m2\repository\org\glassfish\hk2\external\aopalliance-repackaged\2.5.0\aopalliance-repackaged-2.5.0.jar;C:\Users\kudzinc\.m2\repository\io\swagger\swagger-jersey2-jaxrs\1.5.21\swagger-jersey2-jaxrs-1.5.21.jar;C:\Users\kudzinc\.m2\repository\io\swagger\swagger-jaxrs\1.5.21\swagger-jaxrs-1.5.21.jar;C:\Users\kudzinc\.m2\repository\io\swagger\swagger-core\1.5.21\swagger-core-1.5.21.jar;C:\Users\kudzinc\.m2\repository\com\fasterxml\jackson\dataformat\jackson-dataformat-yaml\2.9.5\jackson-dataformat-yaml-2.9.5.jar;C:\Users\kudzinc\.m2\repository\org\yaml\snakeyaml\1.18\snakeyaml-1.18.jar;C:\Users\kudzinc\.m2\repository\io\swagger\swagger-models\1.5.21\swagger-models-1.5.21.jar;C:\Users\kudzinc\.m2\repository\org\reflections\reflections\0.9.11\reflections-0.9.11.jar;C:\Users\kudzinc\.m2\repository\org\glassfish\jersey\media\jersey-media-multipart\2.25.1\jersey-media-multipart-2.25.1.jar;C:\Users\kudzinc\.m2\repository\org\jvnet\mimepull\mimepull\1.9.6\mimepull-1.9.6.jar;C:\Users\kudzinc\.m2\repository\io\swagger\swagger-annotations\1.5.21\swagger-annotations-1.5.21.jar;C:\Users\kudzinc\.m2\repository\org\glassfish\jersey\media\jersey-media-json-jackson\2.27\jersey-media-json-jackson-2.27.jar;C:\Users\kudzinc\.m2\repository\org\glassfish\jersey\ext\jersey-entity-filtering\2.27\jersey-entity-filtering-2.27.jar;C:\Users\kudzinc\.m2\repository\com\fasterxml\jackson\module\jackson-module-jaxb-annotations\2.8.10\jackson-module-jaxb-annotations-2.8.10.jar;C:\Users\kudzinc\.m2\repository\org\glassfish\grizzly\grizzly-http-server\2.4.3.1\grizzly-http-server-2.4.3.1.jar;C:\Users\kudzinc\.m2\repository\org\glassfish\grizzly\grizzly-http\2.4.3.1\grizzly-http-2.4.3.1.jar;C:\Users\kudzinc\.m2\repository\org\glassfish\grizzly\grizzly-framework\2.4.3.1\grizzly-framework-2.4.3.1.jar;C:\Users\kudzinc\.m2\repository\org\glassfish\grizzly\grizzly-http-servlet\2.4.3.1\grizzly-http-servlet-2.4.3.1.jar;C:\Users\kudzinc\.m2\repository\org\glassfish\jersey\inject\jersey-hk2\2.27\jersey-hk2-2.27.jar;C:\Users\kudzinc\.m2\repository\org\glassfish\jersey\core\jersey-common\2.27\jersey-common-2.27.jar;C:\Users\kudzinc\.m2\repository\org\glassfish\hk2\external\javax.inject\2.5.0-b42\javax.inject-2.5.0-b42.jar;C:\Users\kudzinc\.m2\repository\org\glassfish\hk2\osgi-resource-locator\1.0.1\osgi-resource-locator-1.0.1.jar;C:\Users\kudzinc\.m2\repository\org\glassfish\hk2\hk2-locator\2.5.0-b42\hk2-locator-2.5.0-b42.jar;C:\Users\kudzinc\.m2\repository\org\javassist\javassist\3.22.0-CR2\javassist-3.22.0-CR2.jar;C:\Users\kudzinc\.m2\repository\javax\servlet\javax.servlet-api\4.0.1\javax.servlet-api-4.0.1.jar;C:\Users\kudzinc\.m2\repository\uk\gov\gchq\palisade\simple-redirector-service\0.3.1-SNAPSHOT\simple-redirector-service-0.3.1-SNAPSHOT.jar;C:\Users\kudzinc\.m2\repository\uk\gov\gchq\palisade\hr-data-generator\0.3.1-SNAPSHOT\hr-data-generator-0.3.1-SNAPSHOT.jar;C:\Users\kudzinc\.m2\repository\com\github\javafaker\javafaker\0.16\javafaker-0.16.jar;C:\Users\kudzinc\.m2\repository\org\yaml\snakeyaml\1.20\snakeyaml-1.20-android.jar;C:\Users\kudzinc\.m2\repository\com\github\mifmif\generex\1.0.2\generex-1.0.2.jar;C:\Users\kudzinc\.m2\repository\dk\brics\automaton\automaton\1.11-8\automaton-1.11-8.jar;C:\Users\kudzinc\.m2\repository\org\hamcrest\hamcrest-all\1.3\hamcrest-all-1.3.jar;C:\Users\kudzinc\.m2\repository\uk\gov\gchq\palisade\egeria-resource-service\0.3.1-SNAPSHOT\egeria-resource-service-0.3.1-SNAPSHOT.jar;C:\Users\kudzinc\.m2\repository\org\odpi\egeria\open-connector-framework\1.1\open-connector-framework-1.1.jar;C:\Users\kudzinc\.m2\repository\org\odpi\egeria\asset-consumer-client\1.1\asset-consumer-client-1.1.jar;C:\Users\kudzinc\.m2\repository\org\odpi\egeria\asset-consumer-api\1.1\asset-consumer-api-1.1.jar;C:\Users\kudzinc\.m2\repository\org\odpi\egeria\ocf-metadata-api\1.1\ocf-metadata-api-1.1.jar;C:\Users\kudzinc\.m2\repository\org\odpi\egeria\ffdc-services\1.1\ffdc-services-1.1.jar;C:\Users\kudzinc\.m2\repository\org\odpi\egeria\rest-client-connectors-api\1.1\rest-client-connectors-api-1.1.jar;C:\Users\kudzinc\.m2\repository\org\odpi\egeria\rest-client-factory\1.1\rest-client-factory-1.1.jar;C:\Users\kudzinc\.m2\repository\org\odpi\egeria\spring-rest-client-connector\1.1\spring-rest-client-connector-1.1.jar;C:\Users\kudzinc\.m2\repository\org\springframework\spring-web\5.1.8.RELEASE\spring-web-5.1.8.RELEASE.jar;C:\Users\kudzinc\.m2\repository\org\springframework\spring-beans\5.1.8.RELEASE\spring-beans-5.1.8.RELEASE.jar;C:\Users\kudzinc\.m2\repository\org\springframework\spring-core\5.1.8.RELEASE\spring-core-5.1.8.RELEASE.jar;C:\Users\kudzinc\.m2\repository\org\springframework\spring-jcl\5.1.8.RELEASE\spring-jcl-5.1.8.RELEASE.jar;C:\Users\kudzinc\.m2\repository\org\codehaus\plexus\plexus-utils\3.2.0\plexus-utils-3.2.0.jar;C:\Users\kudzinc\.m2\repository\org\odpi\egeria\repository-services-apis\1.1\repository-services-apis-1.1.jar;C:\Users\kudzinc\.m2\repository\org\odpi\egeria\ocf-metadata-client\1.1\ocf-metadata-client-1.1.jar;C:\Users\kudzinc\.m2\repository\org\slf4j\slf4j-api\1.7.25\slf4j-api-1.7.25.jar;C:\Users\kudzinc\.m2\repository\org\slf4j\slf4j-log4j12\1.7.25\slf4j-log4j12-1.7.25.jar;C:\Users\kudzinc\.m2\repository\log4j\log4j\1.2.17\log4j-1.2.17.jar;C:\Users\kudzinc\.m2\repository\org\apache\commons\commons-lang3\3.8.1\commons-lang3-3.8.1.jar;C:\Users\kudzinc\.m2\repository\com\google\guava\guava\27.0.1-jre\guava-27.0.1-jre.jar;C:\Users\kudzinc\.m2\repository\com\google\guava\failureaccess\1.0.1\failureaccess-1.0.1.jar;C:\Users\kudzinc\.m2\repository\com\google\guava\listenablefuture\9999.0-empty-to-avoid-conflict-with-guava\listenablefuture-9999.0-empty-to-avoid-conflict-with-guava.jar;C:\Users\kudzinc\.m2\repository\com\google\code\findbugs\jsr305\3.0.2\jsr305-3.0.2.jar;C:\Users\kudzinc\.m2\repository\org\checkerframework\checker-qual\2.5.2\checker-qual-2.5.2.jar;C:\Users\kudzinc\.m2\repository\com\google\errorprone\error_prone_annotations\2.2.0\error_prone_annotations-2.2.0.jar;C:\Users\kudzinc\.m2\repository\com\google\j2objc\j2objc-annotations\1.1\j2objc-annotations-1.1.jar;C:\Users\kudzinc\.m2\repository\org\codehaus\mojo\animal-sniffer-annotations\1.17\animal-sniffer-annotations-1.17.jar;C:\Users\kudzinc\.m2\repository\javax\xml\bind\jaxb-api\2.2.8\jaxb-api-2.2.8.jar;C:\Users\kudzinc\.m2\repository\javax\activation\javax.activation-api\1.2.0\javax.activation-api-1.2.0.jar;C:\Users\kudzinc\.m2\repository\com\github\stephenc\jcip\jcip-annotations\1.0-1\jcip-annotations-1.0-1.jar;C:\Users\kudzinc\.m2\repository\junit\junit\4.12\junit-4.12.jar;C:\Users\kudzinc\.m2\repository\org\hamcrest\hamcrest-core\1.3\hamcrest-core-1.3.jar;C:\Users\kudzinc\.m2\repository\org\mockito\mockito-all\1.10.19\mockito-all-1.10.19.jar;"/>
    <property name="java.vm.vendor" value="Oracle Corporation"/>
    <property name="sun.arch.data.model" value="64"/>
    <property name="user.variant" value=""/>
    <property name="restDataServicePort" value="9084"/>
    <property name="java.vendor.url" value="https://java.oracle.com/"/>
    <property name="user.timezone" value="Europe/London"/>
    <property name="restPalisadeServicePort" value="9080"/>
    <property name="restRedirectorPort" value="9080"/>
    <property name="os.name" value="Windows 10"/>
    <property name="java.vm.specification.version" value="13"/>
    <property name="sun.java.launcher" value="SUN_STANDARD"/>
    <property name="user.country" value="GB"/>
    <property name="sun.boot.library.path" value="C:\Program Files\Java\jdk-13.0.1\bin"/>
    <property name="sun.java.command" value="C:\Users\kudzinc\AppData\Local\Temp\surefire13683093126340541950\surefirebooter5518936854656185278.jar C:\Users\kudzinc\AppData\Local\Temp\surefire13683093126340541950 2019-11-28T10-40-58_129-jvmRun1 surefire10601220457402865656tmp surefire_01571536833357012251tmp"/>
    <property name="jdk.debug" value="release"/>
    <property name="restResourceServicePort" value="9082"/>
    <property name="surefire.test.class.path" value="C:\Users\kudzinc\Documents\dev\egeria-palisade\palisade\example-model\target\test-classes;C:\Users\kudzinc\Documents\dev\egeria-palisade\palisade\example-model\target\classes;C:\Users\kudzinc\.m2\repository\uk\gov\gchq\palisade\common\0.3.1-SNAPSHOT\common-0.3.1-SNAPSHOT.jar;C:\Users\kudzinc\.m2\repository\com\fasterxml\jackson\core\jackson-core\2.9.8\jackson-core-2.9.8.jar;C:\Users\kudzinc\.m2\repository\com\fasterxml\jackson\core\jackson-annotations\2.9.8\jackson-annotations-2.9.8.jar;C:\Users\kudzinc\.m2\repository\com\fasterxml\jackson\core\jackson-databind\2.9.8\jackson-databind-2.9.8.jar;C:\Users\kudzinc\.m2\repository\com\fasterxml\jackson\datatype\jackson-datatype-jdk8\2.9.8\jackson-datatype-jdk8-2.9.8.jar;C:\Users\kudzinc\.m2\repository\com\fasterxml\jackson\datatype\jackson-datatype-jsr310\2.9.8\jackson-datatype-jsr310-2.9.8.jar;C:\Users\kudzinc\.m2\repository\commons-io\commons-io\2.6\commons-io-2.6.jar;C:\Users\kudzinc\.m2\repository\org\apache\avro\avro\1.8.2\avro-1.8.2.jar;C:\Users\kudzinc\.m2\repository\org\codehaus\jackson\jackson-core-asl\1.9.13\jackson-core-asl-1.9.13.jar;C:\Users\kudzinc\.m2\repository\org\codehaus\jackson\jackson-mapper-asl\1.9.13\jackson-mapper-asl-1.9.13.jar;C:\Users\kudzinc\.m2\repository\com\thoughtworks\paranamer\paranamer\2.7\paranamer-2.7.jar;C:\Users\kudzinc\.m2\repository\org\xerial\snappy\snappy-java\1.1.1.3\snappy-java-1.1.1.3.jar;C:\Users\kudzinc\.m2\repository\org\apache\commons\commons-compress\1.8.1\commons-compress-1.8.1.jar;C:\Users\kudzinc\.m2\repository\org\tukaani\xz\1.5\xz-1.5.jar;C:\Users\kudzinc\.m2\repository\uk\gov\gchq\palisade\simple-data-service\0.3.1-SNAPSHOT\simple-data-service-0.3.1-SNAPSHOT.jar;C:\Users\kudzinc\.m2\repository\uk\gov\gchq\palisade\palisade-service\0.3.1-SNAPSHOT\palisade-service-0.3.1-SNAPSHOT.jar;C:\Users\kudzinc\.m2\repository\uk\gov\gchq\palisade\cache-service\0.3.1-SNAPSHOT\cache-service-0.3.1-SNAPSHOT.jar;C:\Users\kudzinc\.m2\repository\uk\gov\gchq\palisade\audit-service\0.3.1-SNAPSHOT\audit-service-0.3.1-SNAPSHOT.jar;C:\Users\kudzinc\.m2\repository\uk\gov\gchq\palisade\data-service\0.3.1-SNAPSHOT\data-service-0.3.1-SNAPSHOT.jar;C:\Users\kudzinc\.m2\repository\uk\gov\gchq\palisade\simple-client\0.3.1-SNAPSHOT\simple-client-0.3.1-SNAPSHOT.jar;C:\Users\kudzinc\.m2\repository\uk\gov\gchq\palisade\client-common\0.3.1-SNAPSHOT\client-common-0.3.1-SNAPSHOT.jar;C:\Users\kudzinc\.m2\repository\uk\gov\gchq\palisade\config-service\0.3.1-SNAPSHOT\config-service-0.3.1-SNAPSHOT.jar;C:\Users\kudzinc\.m2\repository\uk\gov\gchq\palisade\proxy-rest-config-service\0.3.1-SNAPSHOT\proxy-rest-config-service-0.3.1-SNAPSHOT.jar;C:\Users\kudzinc\.m2\repository\uk\gov\gchq\palisade\proxy-rest-service\0.3.1-SNAPSHOT\proxy-rest-service-0.3.1-SNAPSHOT.jar;C:\Users\kudzinc\.m2\repository\uk\gov\gchq\palisade\proxy-rest-data-service\0.3.1-SNAPSHOT\proxy-rest-data-service-0.3.1-SNAPSHOT.jar;C:\Users\kudzinc\.m2\repository\uk\gov\gchq\palisade\proxy-rest-policy-service\0.3.1-SNAPSHOT\proxy-rest-policy-service-0.3.1-SNAPSHOT.jar;C:\Users\kudzinc\.m2\repository\uk\gov\gchq\palisade\proxy-rest-resource-service\0.3.1-SNAPSHOT\proxy-rest-resource-service-0.3.1-SNAPSHOT.jar;C:\Users\kudzinc\.m2\repository\uk\gov\gchq\palisade\resource-service\0.3.1-SNAPSHOT\resource-service-0.3.1-SNAPSHOT.jar;C:\Users\kudzinc\.m2\repository\uk\gov\gchq\palisade\proxy-rest-palisade-service\0.3.1-SNAPSHOT\proxy-rest-palisade-service-0.3.1-SNAPSHOT.jar;C:\Users\kudzinc\.m2\repository\uk\gov\gchq\palisade\proxy-rest-user-service\0.3.1-SNAPSHOT\proxy-rest-user-service-0.3.1-SNAPSHOT.jar;C:\Users\kudzinc\.m2\repository\uk\gov\gchq\palisade\etcd-backing-store\0.3.1-SNAPSHOT\etcd-backing-store-0.3.1-SNAPSHOT.jar;C:\Users\kudzinc\.m2\repository\io\etcd\jetcd-core\0.3.0\jetcd-core-0.3.0.jar;C:\Users\kudzinc\.m2\repository\io\etcd\jetcd-common\0.3.0\jetcd-common-0.3.0.jar;C:\Users\kudzinc\.m2\repository\io\etcd\jetcd-resolver\0.3.0\jetcd-resolver-0.3.0.jar;C:\Users\kudzinc\.m2\repository\io\grpc\grpc-core\1.17.1\grpc-core-1.17.1.jar;C:\Users\kudzinc\.m2\repository\io\grpc\grpc-context\1.17.1\grpc-context-1.17.1.jar;C:\Users\kudzinc\.m2\repository\com\google\code\gson\gson\2.7\gson-2.7.jar;C:\Users\kudzinc\.m2\repository\io\opencensus\opencensus-api\0.17.0\opencensus-api-0.17.0.jar;C:\Users\kudzinc\.m2\repository\io\opencensus\opencensus-contrib-grpc-metrics\0.17.0\opencensus-contrib-grpc-metrics-0.17.0.jar;C:\Users\kudzinc\.m2\repository\io\grpc\grpc-netty\1.17.1\grpc-netty-1.17.1.jar;C:\Users\kudzinc\.m2\repository\io\netty\netty-codec-http2\4.1.30.Final\netty-codec-http2-4.1.30.Final.jar;C:\Users\kudzinc\.m2\repository\io\netty\netty-codec-http\4.1.30.Final\netty-codec-http-4.1.30.Final.jar;C:\Users\kudzinc\.m2\repository\io\netty\netty-codec\4.1.30.Final\netty-codec-4.1.30.Final.jar;C:\Users\kudzinc\.m2\repository\io\netty\netty-handler\4.1.30.Final\netty-handler-4.1.30.Final.jar;C:\Users\kudzinc\.m2\repository\io\netty\netty-buffer\4.1.30.Final\netty-buffer-4.1.30.Final.jar;C:\Users\kudzinc\.m2\repository\io\netty\netty-common\4.1.30.Final\netty-common-4.1.30.Final.jar;C:\Users\kudzinc\.m2\repository\io\netty\netty-handler-proxy\4.1.30.Final\netty-handler-proxy-4.1.30.Final.jar;C:\Users\kudzinc\.m2\repository\io\netty\netty-transport\4.1.30.Final\netty-transport-4.1.30.Final.jar;C:\Users\kudzinc\.m2\repository\io\netty\netty-resolver\4.1.30.Final\netty-resolver-4.1.30.Final.jar;C:\Users\kudzinc\.m2\repository\io\netty\netty-codec-socks\4.1.30.Final\netty-codec-socks-4.1.30.Final.jar;C:\Users\kudzinc\.m2\repository\io\grpc\grpc-protobuf\1.17.1\grpc-protobuf-1.17.1.jar;C:\Users\kudzinc\.m2\repository\com\google\api\grpc\proto-google-common-protos\1.0.0\proto-google-common-protos-1.0.0.jar;C:\Users\kudzinc\.m2\repository\io\grpc\grpc-protobuf-lite\1.17.1\grpc-protobuf-lite-1.17.1.jar;C:\Users\kudzinc\.m2\repository\io\grpc\grpc-stub\1.17.1\grpc-stub-1.17.1.jar;C:\Users\kudzinc\.m2\repository\io\grpc\grpc-grpclb\1.17.1\grpc-grpclb-1.17.1.jar;C:\Users\kudzinc\.m2\repository\com\google\protobuf\protobuf-java-util\3.5.1\protobuf-java-util-3.5.1.jar;C:\Users\kudzinc\.m2\repository\com\google\protobuf\protobuf-java\3.5.1\protobuf-java-3.5.1.jar;C:\Users\kudzinc\.m2\repository\uk\gov\gchq\palisade\simple-config-service\0.3.1-SNAPSHOT\simple-config-service-0.3.1-SNAPSHOT.jar;C:\Users\kudzinc\.m2\repository\uk\gov\gchq\palisade\simple-cache-service\0.3.1-SNAPSHOT\simple-cache-service-0.3.1-SNAPSHOT.jar;C:\Users\kudzinc\.m2\repository\uk\gov\gchq\palisade\hashmap-backing-store\0.3.1-SNAPSHOT\hashmap-backing-store-0.3.1-SNAPSHOT.jar;C:\Users\kudzinc\.m2\repository\uk\gov\gchq\palisade\hadoop-data-service\0.3.1-SNAPSHOT\hadoop-data-service-0.3.1-SNAPSHOT.jar;C:\Users\kudzinc\.m2\repository\uk\gov\gchq\palisade\shade-hadoop-client\0.3.1-SNAPSHOT\shade-hadoop-client-0.3.1-SNAPSHOT.jar;C:\Users\kudzinc\.m2\repository\uk\gov\gchq\palisade\hierarchical-policy-service\0.3.1-SNAPSHOT\hierarchical-policy-service-0.3.1-SNAPSHOT.jar;C:\Users\kudzinc\.m2\repository\uk\gov\gchq\palisade\hadoop-resource-service\0.3.1-SNAPSHOT\hadoop-resource-service-0.3.1-SNAPSHOT.jar;C:\Users\kudzinc\.m2\repository\uk\gov\gchq\palisade\simple-palisade-service\0.3.1-SNAPSHOT\simple-palisade-service-0.3.1-SNAPSHOT.jar;C:\Users\kudzinc\.m2\repository\uk\gov\gchq\palisade\simple-user-service\0.3.1-SNAPSHOT\simple-user-service-0.3.1-SNAPSHOT.jar;C:\Users\kudzinc\.m2\repository\uk\gov\gchq\palisade\logger-audit-service\0.3.1-SNAPSHOT\logger-audit-service-0.3.1-SNAPSHOT.jar;C:\Users\kudzinc\.m2\repository\uk\gov\gchq\palisade\policy-service\0.3.1-SNAPSHOT\policy-service-0.3.1-SNAPSHOT.jar;C:\Users\kudzinc\.m2\repository\uk\gov\gchq\palisade\user-service\0.3.1-SNAPSHOT\user-service-0.3.1-SNAPSHOT.jar;C:\Users\kudzinc\.m2\repository\uk\gov\gchq\palisade\rest-redirector-service\0.3.1-SNAPSHOT\rest-redirector-service-0.3.1-SNAPSHOT.jar;C:\Users\kudzinc\.m2\repository\uk\gov\gchq\palisade\redirector-service\0.3.1-SNAPSHOT\redirector-service-0.3.1-SNAPSHOT.jar;C:\Users\kudzinc\.m2\repository\uk\gov\gchq\palisade\core-rest-service\0.3.1-SNAPSHOT\core-rest-service-0.3.1-SNAPSHOT-classes.jar;C:\Users\kudzinc\.m2\repository\org\glassfish\jersey\core\jersey-server\2.27\jersey-server-2.27.jar;C:\Users\kudzinc\.m2\repository\org\glassfish\jersey\core\jersey-client\2.27\jersey-client-2.27.jar;C:\Users\kudzinc\.m2\repository\javax\ws\rs\javax.ws.rs-api\2.1\javax.ws.rs-api-2.1.jar;C:\Users\kudzinc\.m2\repository\org\glassfish\jersey\media\jersey-media-jaxb\2.27\jersey-media-jaxb-2.27.jar;C:\Users\kudzinc\.m2\repository\javax\annotation\javax.annotation-api\1.2\javax.annotation-api-1.2.jar;C:\Users\kudzinc\.m2\repository\javax\validation\validation-api\1.1.0.Final\validation-api-1.1.0.Final.jar;C:\Users\kudzinc\.m2\repository\org\glassfish\hk2\hk2-api\2.5.0\hk2-api-2.5.0.jar;C:\Users\kudzinc\.m2\repository\org\glassfish\hk2\external\jakarta.inject\2.5.0\jakarta.inject-2.5.0.jar;C:\Users\kudzinc\.m2\repository\org\glassfish\hk2\hk2-utils\2.5.0\hk2-utils-2.5.0.jar;C:\Users\kudzinc\.m2\repository\jakarta\annotation\jakarta.annotation-api\1.3.4\jakarta.annotation-api-1.3.4.jar;C:\Users\kudzinc\.m2\repository\org\glassfish\hk2\external\aopalliance-repackaged\2.5.0\aopalliance-repackaged-2.5.0.jar;C:\Users\kudzinc\.m2\repository\io\swagger\swagger-jersey2-jaxrs\1.5.21\swagger-jersey2-jaxrs-1.5.21.jar;C:\Users\kudzinc\.m2\repository\io\swagger\swagger-jaxrs\1.5.21\swagger-jaxrs-1.5.21.jar;C:\Users\kudzinc\.m2\repository\io\swagger\swagger-core\1.5.21\swagger-core-1.5.21.jar;C:\Users\kudzinc\.m2\repository\com\fasterxml\jackson\dataformat\jackson-dataformat-yaml\2.9.5\jackson-dataformat-yaml-2.9.5.jar;C:\Users\kudzinc\.m2\repository\org\yaml\snakeyaml\1.18\snakeyaml-1.18.jar;C:\Users\kudzinc\.m2\repository\io\swagger\swagger-models\1.5.21\swagger-models-1.5.21.jar;C:\Users\kudzinc\.m2\repository\org\reflections\reflections\0.9.11\reflections-0.9.11.jar;C:\Users\kudzinc\.m2\repository\org\glassfish\jersey\media\jersey-media-multipart\2.25.1\jersey-media-multipart-2.25.1.jar;C:\Users\kudzinc\.m2\repository\org\jvnet\mimepull\mimepull\1.9.6\mimepull-1.9.6.jar;C:\Users\kudzinc\.m2\repository\io\swagger\swagger-annotations\1.5.21\swagger-annotations-1.5.21.jar;C:\Users\kudzinc\.m2\repository\org\glassfish\jersey\media\jersey-media-json-jackson\2.27\jersey-media-json-jackson-2.27.jar;C:\Users\kudzinc\.m2\repository\org\glassfish\jersey\ext\jersey-entity-filtering\2.27\jersey-entity-filtering-2.27.jar;C:\Users\kudzinc\.m2\repository\com\fasterxml\jackson\module\jackson-module-jaxb-annotations\2.8.10\jackson-module-jaxb-annotations-2.8.10.jar;C:\Users\kudzinc\.m2\repository\org\glassfish\grizzly\grizzly-http-server\2.4.3.1\grizzly-http-server-2.4.3.1.jar;C:\Users\kudzinc\.m2\repository\org\glassfish\grizzly\grizzly-http\2.4.3.1\grizzly-http-2.4.3.1.jar;C:\Users\kudzinc\.m2\repository\org\glassfish\grizzly\grizzly-framework\2.4.3.1\grizzly-framework-2.4.3.1.jar;C:\Users\kudzinc\.m2\repository\org\glassfish\grizzly\grizzly-http-servlet\2.4.3.1\grizzly-http-servlet-2.4.3.1.jar;C:\Users\kudzinc\.m2\repository\org\glassfish\jersey\inject\jersey-hk2\2.27\jersey-hk2-2.27.jar;C:\Users\kudzinc\.m2\repository\org\glassfish\jersey\core\jersey-common\2.27\jersey-common-2.27.jar;C:\Users\kudzinc\.m2\repository\org\glassfish\hk2\external\javax.inject\2.5.0-b42\javax.inject-2.5.0-b42.jar;C:\Users\kudzinc\.m2\repository\org\glassfish\hk2\osgi-resource-locator\1.0.1\osgi-resource-locator-1.0.1.jar;C:\Users\kudzinc\.m2\repository\org\glassfish\hk2\hk2-locator\2.5.0-b42\hk2-locator-2.5.0-b42.jar;C:\Users\kudzinc\.m2\repository\org\javassist\javassist\3.22.0-CR2\javassist-3.22.0-CR2.jar;C:\Users\kudzinc\.m2\repository\javax\servlet\javax.servlet-api\4.0.1\javax.servlet-api-4.0.1.jar;C:\Users\kudzinc\.m2\repository\uk\gov\gchq\palisade\simple-redirector-service\0.3.1-SNAPSHOT\simple-redirector-service-0.3.1-SNAPSHOT.jar;C:\Users\kudzinc\.m2\repository\uk\gov\gchq\palisade\hr-data-generator\0.3.1-SNAPSHOT\hr-data-generator-0.3.1-SNAPSHOT.jar;C:\Users\kudzinc\.m2\repository\com\github\javafaker\javafaker\0.16\javafaker-0.16.jar;C:\Users\kudzinc\.m2\repository\org\yaml\snakeyaml\1.20\snakeyaml-1.20-android.jar;C:\Users\kudzinc\.m2\repository\com\github\mifmif\generex\1.0.2\generex-1.0.2.jar;C:\Users\kudzinc\.m2\repository\dk\brics\automaton\automaton\1.11-8\automaton-1.11-8.jar;C:\Users\kudzinc\.m2\repository\org\hamcrest\hamcrest-all\1.3\hamcrest-all-1.3.jar;C:\Users\kudzinc\.m2\repository\uk\gov\gchq\palisade\egeria-resource-service\0.3.1-SNAPSHOT\egeria-resource-service-0.3.1-SNAPSHOT.jar;C:\Users\kudzinc\.m2\repository\org\odpi\egeria\open-connector-framework\1.1\open-connector-framework-1.1.jar;C:\Users\kudzinc\.m2\repository\org\odpi\egeria\asset-consumer-client\1.1\asset-consumer-client-1.1.jar;C:\Users\kudzinc\.m2\repository\org\odpi\egeria\asset-consumer-api\1.1\asset-consumer-api-1.1.jar;C:\Users\kudzinc\.m2\repository\org\odpi\egeria\ocf-metadata-api\1.1\ocf-metadata-api-1.1.jar;C:\Users\kudzinc\.m2\repository\org\odpi\egeria\ffdc-services\1.1\ffdc-services-1.1.jar;C:\Users\kudzinc\.m2\repository\org\odpi\egeria\rest-client-connectors-api\1.1\rest-client-connectors-api-1.1.jar;C:\Users\kudzinc\.m2\repository\org\odpi\egeria\rest-client-factory\1.1\rest-client-factory-1.1.jar;C:\Users\kudzinc\.m2\repository\org\odpi\egeria\spring-rest-client-connector\1.1\spring-rest-client-connector-1.1.jar;C:\Users\kudzinc\.m2\repository\org\springframework\spring-web\5.1.8.RELEASE\spring-web-5.1.8.RELEASE.jar;C:\Users\kudzinc\.m2\repository\org\springframework\spring-beans\5.1.8.RELEASE\spring-beans-5.1.8.RELEASE.jar;C:\Users\kudzinc\.m2\repository\org\springframework\spring-core\5.1.8.RELEASE\spring-core-5.1.8.RELEASE.jar;C:\Users\kudzinc\.m2\repository\org\springframework\spring-jcl\5.1.8.RELEASE\spring-jcl-5.1.8.RELEASE.jar;C:\Users\kudzinc\.m2\repository\org\codehaus\plexus\plexus-utils\3.2.0\plexus-utils-3.2.0.jar;C:\Users\kudzinc\.m2\repository\org\odpi\egeria\repository-services-apis\1.1\repository-services-apis-1.1.jar;C:\Users\kudzinc\.m2\repository\org\odpi\egeria\ocf-metadata-client\1.1\ocf-metadata-client-1.1.jar;C:\Users\kudzinc\.m2\repository\org\slf4j\slf4j-api\1.7.25\slf4j-api-1.7.25.jar;C:\Users\kudzinc\.m2\repository\org\slf4j\slf4j-log4j12\1.7.25\slf4j-log4j12-1.7.25.jar;C:\Users\kudzinc\.m2\repository\log4j\log4j\1.2.17\log4j-1.2.17.jar;C:\Users\kudzinc\.m2\repository\org\apache\commons\commons-lang3\3.8.1\commons-lang3-3.8.1.jar;C:\Users\kudzinc\.m2\repository\com\google\guava\guava\27.0.1-jre\guava-27.0.1-jre.jar;C:\Users\kudzinc\.m2\repository\com\google\guava\failureaccess\1.0.1\failureaccess-1.0.1.jar;C:\Users\kudzinc\.m2\repository\com\google\guava\listenablefuture\9999.0-empty-to-avoid-conflict-with-guava\listenablefuture-9999.0-empty-to-avoid-conflict-with-guava.jar;C:\Users\kudzinc\.m2\repository\com\google\code\findbugs\jsr305\3.0.2\jsr305-3.0.2.jar;C:\Users\kudzinc\.m2\repository\org\checkerframework\checker-qual\2.5.2\checker-qual-2.5.2.jar;C:\Users\kudzinc\.m2\repository\com\google\errorprone\error_prone_annotations\2.2.0\error_prone_annotations-2.2.0.jar;C:\Users\kudzinc\.m2\repository\com\google\j2objc\j2objc-annotations\1.1\j2objc-annotations-1.1.jar;C:\Users\kudzinc\.m2\repository\org\codehaus\mojo\animal-sniffer-annotations\1.17\animal-sniffer-annotations-1.17.jar;C:\Users\kudzinc\.m2\repository\javax\xml\bind\jaxb-api\2.2.8\jaxb-api-2.2.8.jar;C:\Users\kudzinc\.m2\repository\javax\activation\javax.activation-api\1.2.0\javax.activation-api-1.2.0.jar;C:\Users\kudzinc\.m2\repository\com\github\stephenc\jcip\jcip-annotations\1.0-1\jcip-annotations-1.0-1.jar;C:\Users\kudzinc\.m2\repository\junit\junit\4.12\junit-4.12.jar;C:\Users\kudzinc\.m2\repository\org\hamcrest\hamcrest-core\1.3\hamcrest-core-1.3.jar;C:\Users\kudzinc\.m2\repository\org\mockito\mockito-all\1.10.19\mockito-all-1.10.19.jar;"/>
    <property name="sun.cpu.endian" value="little"/>
    <property name="user.home" value="C:\Users\kudzinc"/>
    <property name="user.language" value="en"/>
    <property name="java.specification.vendor" value="Oracle Corporation"/>
    <property name="java.version.date" value="2019-10-15"/>
    <property name="java.home" value="C:\Program Files\Java\jdk-13.0.1"/>
    <property name="file.separator" value="\"/>
    <property name="basedir" value="C:\Users\kudzinc\Documents\dev\egeria-palisade\palisade\example-model"/>
    <property name="java.vm.compressedOopsMode" value="Zero based"/>
    <property name="line.separator" value="&#10;"/>
    <property name="java.vm.specification.vendor" value="Oracle Corporation"/>
    <property name="java.specification.name" value="Java Platform API Specification"/>
    <property name="surefire.real.class.path" value="C:\Users\kudzinc\AppData\Local\Temp\surefire13683093126340541950\surefirebooter5518936854656185278.jar"/>
    <property name="restPolicyServicePort" value="9081"/>
    <property name="user.script" value=""/>
    <property name="sun.management.compiler" value="HotSpot 64-Bit Tiered Compilers"/>
    <property name="java.runtime.version" value="13.0.1+9"/>
    <property name="user.name" value="kudzinc"/>
    <property name="path.separator" value=";"/>
    <property name="os.version" value="10.0"/>
    <property name="java.runtime.name" value="Java(TM) SE Runtime Environment"/>
    <property name="restPalisadeMetricProviderPort" value="9080"/>
    <property name="file.encoding" value="Cp1252"/>
    <property name="java.vm.name" value="Java HotSpot(TM) 64-Bit Server VM"/>
    <property name="localRepository" value="C:\Users\kudzinc\.m2\repository"/>
    <property name="java.vendor.url.bug" value="https://bugreport.java.com/bugreport/"/>
    <property name="java.io.tmpdir" value="C:\Users\kudzinc\AppData\Local\Temp\"/>
    <property name="restConfigServicePort" value="9085"/>
    <property name="java.version" value="13.0.1"/>
    <property name="user.dir" value="C:\Users\kudzinc\Documents\dev\egeria-palisade\palisade\example-model"/>
    <property name="os.arch" value="amd64"/>
    <property name="java.vm.specification.name" value="Java Virtual Machine Specification"/>
    <property name="sun.os.patch.level" value=""/>
    <property name="java.library.path" value="C:\Program Files\Java\jdk-13.0.1\bin;C:\WINDOWS\Sun\Java\bin;C:\WINDOWS\system32;C:\WINDOWS;C:\Users\kudzinc\bin;C:\Program Files\Git\mingw64\bin;C:\Program Files\Git\usr\local\bin;C:\Program Files\Git\usr\bin;C:\Program Files\Git\usr\bin;C:\Program Files\Git\mingw64\bin;C:\Program Files\Git\usr\bin;C:\Users\kudzinc\bin;C:\ProgramData\DockerDesktop\version-bin;C:\Program Files\Docker\Docker\Resources\bin;C:\WINDOWS\system32;C:\WINDOWS;C:\WINDOWS\System32\Wbem;C:\WINDOWS\System32\WindowsPowerShell\v1.0;C:\WINDOWS\System32\OpenSSH;C:\Program Files\Git\cmd;C:\Program Files\PuTTY;C:\Program Files\Java\jdk-13.0.1;C:\Program Files\Java\jdk-13.0.1\bin;C:\Program Files\apache-maven-3.6.2\bin;C:\Program Files\helm-v3.0.0-windows-amd64\windows-amd64;C:\Users\kudzinc\AppData\Local\Microsoft\WindowsApps;C:\Users\kudzinc\AppData\Local\Programs\Microsoft VS Code\bin;C:\Program Files\Java\jdk-13.0.1;C:\Program Files\Git\usr\bin\vendor_perl;C:\Program Files\Git\usr\bin\core_perl;."/>
    <property name="java.vm.info" value="mixed mode, sharing"/>
    <property name="java.vendor" value="Oracle Corporation"/>
    <property name="java.vm.version" value="13.0.1+9"/>
    <property name="sun.io.unicode.encoding" value="UnicodeLittle"/>
    <property name="java.class.version" value="57.0"/>
  </properties>
  <testcase name="testUnchangedWithHealthScreening" classname="uk.gov.gchq.palisade.example.rule.TestHireDateRule" time="0"/>
  <testcase name="testUnchangedWithSalaryAnalysis" classname="uk.gov.gchq.palisade.example.rule.TestHireDateRule" time="0"/>
  <testcase name="testHireDateRedacted" classname="uk.gov.gchq.palisade.example.rule.TestHireDateRule" time="0.001">
    <failure message="testHireDateRedacted(&quot;uk.gov.gchq.palisade.example.rule.HireDateRule@fcae085&quot; &lt;from rule&gt;, &quot;uk.gov.gchq.palisade.example.hrdatagenerator.types.Employee@3ce067bd[uid=UserId[id=reggiemint],name=Delpha Dickinson,dateOfBirth=5/11/1813,contactNumbers={uk.gov.gchq.palisade.example.hrdatagenerator.types.PhoneNumber@608b74f3[type=Mobile,phone number=01414906606],uk.gov.gchq.palisade.example.hrdatagenerator.types.PhoneNumber@1ef8f7e6[type=Work,phone number=01526301748]},emergencyContacts={uk.gov.gchq.palisade.example.hrdatagenerator.types.EmergencyContact@5a6f1342[contactName=Alvina Schulist,relation=CHILDREN,contactNumbers={uk.gov.gchq.palisade.example.hrdatagenerator.types.PhoneNumber@650d5a3d[type=Mobile,phone number=02034085592]}]},address=uk.gov.gchq.palisade.example.hrdatagenerator.types.Address@5e9a9683[streetAddressNumber=262,streetName=Russel Locks,city=Bahringerburgh,state=Missouri,zipCode=Z28 6XL],bankDetails=uk.gov.gchq.palisade.example.hrdatagenerator.types.BankDetails@7040d71[sortCode=422009,accountNumber=49037439],taxCode=11500L,nationality=Tajik,manager={uk.gov.gchq.palisade.example.hrdatagenerator.types.Manager@2553fbd0[uid=UserId[id=1252742854],manager={uk.gov.gchq.palisade.example.hrdatagenerator.types.Manager@2a8081f5[uid=UserId[id=1417108800],manager={uk.gov.gchq.palisade.example.hrdatagenerator.types.Manager@20a434a8[uid=UserId[id=90835006],manager=&lt;null&gt;],uk.gov.gchq.palisade.example.hrdatagenerator.types.Manager@7ecca48[uid=UserId[id=336611363],manager=&lt;null&gt;],uk.gov.gchq.palisade.example.hrdatagenerator.types.Manager@3d5b2c1e[uid=UserId[id=1635683955],manager=&lt;null&gt;]}],uk.gov.gchq.palisade.example.hrdatagenerator.types.Manager@137a9d69[uid=UserId[id=812182689],manager={uk.gov.gchq.palisade.example.hrdatagenerator.types.Manager@12faeada[uid=UserId[id=1339970820],manager=&lt;null&gt;],uk.gov.gchq.palisade.example.hrdatagenerator.types.Manager@73a5cc47[uid=UserId[id=300138075],manager=&lt;null&gt;],uk.gov.gchq.palisade.example.hrdatagenerator.types.Manager@17fa25f1[uid=UserId[id=1888202834],manager=&lt;null&gt;]}],uk.gov.gchq.palisade.example.hrdatagenerator.types.Manager@50ac63b2[uid=UserId[id=1492389415],manager={uk.gov.gchq.palisade.example.hrdatagenerator.types.Manager@1545ef47[uid=UserId[id=966836660],manager=&lt;null&gt;],uk.gov.gchq.palisade.example.hrdatagenerator.types.Manager@48dfce5c[uid=UserId[id=1729213477],manager=&lt;null&gt;],uk.gov.gchq.palisade.example.hrdatagenerator.types.Manager@eccaf1b[uid=UserId[id=10420737],manager=&lt;null&gt;]}]}],uk.gov.gchq.palisade.example.hrdatagenerator.types.Manager@3dceec83[uid=UserId[id=10791477],manager={uk.gov.gchq.palisade.example.hrdatagenerator.types.Manager@74b13aa[uid=UserId[id=1830200592],manager={uk.gov.gchq.palisade.example.hrdatagenerator.types.Manager@31d09031[uid=UserId[id=1123424220],manager=&lt;null&gt;],uk.gov.gchq.palisade.example.hrdatagenerator.types.Manager@5a0f5567[uid=UserId[id=50289888],manager=&lt;null&gt;],uk.gov.gchq.palisade.example.hrdatagenerator.types.Manager@106f0051[uid=UserId[id=1597694500],manager=&lt;null&gt;]}],uk.gov.gchq.palisade.example.hrdatagenerator.types.Manager@4fe687b5[uid=UserId[id=1513997357],manager={uk.gov.gchq.palisade.example.hrdatagenerator.types.Manager@7a02d760[uid=UserId[id=304991452],manager=&lt;null&gt;],uk.gov.gchq.palisade.example.hrdatagenerator.types.Manager@5a86112a[uid=UserId[id=590622333],manager=&lt;null&gt;],uk.gov.gchq.palisade.example.hrdatagenerator.types.Manager@3203ffa3[uid=UserId[id=1034503676],manager=&lt;null&gt;]}],uk.gov.gchq.palisade.example.hrdatagenerator.types.Manager@49231d79[uid=UserId[id=161894055],manager={uk.gov.gchq.palisade.example.hrdatagenerator.types.Manager@25f67aea[uid=UserId[id=1169422536],manager=&lt;null&gt;],uk.gov.gchq.palisade.example.hrdatagenerator.types.Manager@4f93303f[uid=UserId[id=1311235345],manager=&lt;null&gt;],uk.gov.gchq.palisade.example.hrdatagenerator.types.Manager@62c02089[uid=UserId[id=1239313358],manager=&lt;null&gt;]}]}],uk.gov.gchq.palisade.example.hrdatagenerator.types.Manager@3359217d[uid=UserId[id=2050698229],manager={uk.gov.gchq.palisade.example.hrdatagenerator.types.Manager@25ee3cd6[uid=UserId[id=440048504],manager={uk.gov.gchq.palisade.example.hrdatagenerator.types.Manager@732ae29c[uid=UserId[id=588558884],manager=&lt;null&gt;],uk.gov.gchq.palisade.example.hrdatagenerator.types.Manager@100d5018[uid=UserId[id=1338663600],manager=&lt;null&gt;],uk.gov.gchq.palisade.example.hrdatagenerator.types.Manager@6a25c9ad[uid=UserId[id=408456151],manager=&lt;null&gt;]}],uk.gov.gchq.palisade.example.hrdatagenerator.types.Manager@3e7940b3[uid=UserId[id=396655486],manager={uk.gov.gchq.palisade.example.hrdatagenerator.types.Manager@1ae37be2[uid=UserId[id=2788683],manager=&lt;null&gt;],uk.gov.gchq.palisade.example.hrdatagenerator.types.Manager@60147536[uid=UserId[id=22944598],manager=&lt;null&gt;],uk.gov.gchq.palisade.example.hrdatagenerator.types.Manager@2438a038[uid=UserId[id=1467861996],manager=&lt;null&gt;]}],uk.gov.gchq.palisade.example.hrdatagenerator.types.Manager@50b010d4[uid=UserId[id=345837908],manager={uk.gov.gchq.palisade.example.hrdatagenerator.types.Manager@510d4d4b[uid=UserId[id=1044234514],manager=&lt;null&gt;],uk.gov.gchq.palisade.example.hrdatagenerator.types.Manager@12f32f99[uid=UserId[id=382369865],manager=&lt;null&gt;],uk.gov.gchq.palisade.example.hrdatagenerator.types.Manager@73ab649f[uid=UserId[id=1046930528],manager=&lt;null&gt;]}]}]},hireDate=5/11/1852,grade=Grade5,department=IT,salaryAmount=641058,salaryBonus=9522,workLocation=uk.gov.gchq.palisade.example.hrdatagenerator.types.WorkLocation@234dfc8e[workLocationName=London,address=uk.gov.gchq.palisade.example.hrdatagenerator.types.Address@18918ab9[streetAddressNumber=87,streetName=Velda Park,city=Port Katlyn,state=Tennessee,zipCode=TO8P 3JE]],sex=Not_Known]&quot; &lt;from records[0]&gt;, &quot;ExampleUser[userId=UserId[id=reggiemint],roles=[SuiteUser, GlossaryBasicUser, CMUser],auths=[],name=Reggie Mint,email=reggie.mint@cocopharmaceutical.com,dn=uid=reggiemint,ou=People,dc=example,dc=org]&quot; &lt;from users[0]&gt;, &quot;Context[contents={purpose=SALARY_ANALYSIS}]&quot; &lt;from contexts[3]&gt;)" type="org.junit.experimental.theories.internal.ParameterizedAssertionError"><![CDATA[org.junit.experimental.theories.internal.ParameterizedAssertionError: testHireDateRedacted("uk.gov.gchq.palisade.example.rule.HireDateRule@fcae085" <from rule>, "uk.gov.gchq.palisade.example.hrdatagenerator.types.Employee@3ce067bd[uid=UserId[id=reggiemint],name=Delpha Dickinson,dateOfBirth=5/11/1813,contactNumbers={uk.gov.gchq.palisade.example.hrdatagenerator.types.PhoneNumber@608b74f3[type=Mobile,phone number=01414906606],uk.gov.gchq.palisade.example.hrdatagenerator.types.PhoneNumber@1ef8f7e6[type=Work,phone number=01526301748]},emergencyContacts={uk.gov.gchq.palisade.example.hrdatagenerator.types.EmergencyContact@5a6f1342[contactName=Alvina Schulist,relation=CHILDREN,contactNumbers={uk.gov.gchq.palisade.example.hrdatagenerator.types.PhoneNumber@650d5a3d[type=Mobile,phone number=02034085592]}]},address=uk.gov.gchq.palisade.example.hrdatagenerator.types.Address@5e9a9683[streetAddressNumber=262,streetName=Russel Locks,city=Bahringerburgh,state=Missouri,zipCode=Z28 6XL],bankDetails=uk.gov.gchq.palisade.example.hrdatagenerator.types.BankDetails@7040d71[sortCode=422009,accountNumber=49037439],taxCode=11500L,nationality=Tajik,manager={uk.gov.gchq.palisade.example.hrdatagenerator.types.Manager@2553fbd0[uid=UserId[id=1252742854],manager={uk.gov.gchq.palisade.example.hrdatagenerator.types.Manager@2a8081f5[uid=UserId[id=1417108800],manager={uk.gov.gchq.palisade.example.hrdatagenerator.types.Manager@20a434a8[uid=UserId[id=90835006],manager=<null>],uk.gov.gchq.palisade.example.hrdatagenerator.types.Manager@7ecca48[uid=UserId[id=336611363],manager=<null>],uk.gov.gchq.palisade.example.hrdatagenerator.types.Manager@3d5b2c1e[uid=UserId[id=1635683955],manager=<null>]}],uk.gov.gchq.palisade.example.hrdatagenerator.types.Manager@137a9d69[uid=UserId[id=812182689],manager={uk.gov.gchq.palisade.example.hrdatagenerator.types.Manager@12faeada[uid=UserId[id=1339970820],manager=<null>],uk.gov.gchq.palisade.example.hrdatagenerator.types.Manager@73a5cc47[uid=UserId[id=300138075],manager=<null>],uk.gov.gchq.palisade.example.hrdatagenerator.types.Manager@17fa25f1[uid=UserId[id=1888202834],manager=<null>]}],uk.gov.gchq.palisade.example.hrdatagenerator.types.Manager@50ac63b2[uid=UserId[id=1492389415],manager={uk.gov.gchq.palisade.example.hrdatagenerator.types.Manager@1545ef47[uid=UserId[id=966836660],manager=<null>],uk.gov.gchq.palisade.example.hrdatagenerator.types.Manager@48dfce5c[uid=UserId[id=1729213477],manager=<null>],uk.gov.gchq.palisade.example.hrdatagenerator.types.Manager@eccaf1b[uid=UserId[id=10420737],manager=<null>]}]}],uk.gov.gchq.palisade.example.hrdatagenerator.types.Manager@3dceec83[uid=UserId[id=10791477],manager={uk.gov.gchq.palisade.example.hrdatagenerator.types.Manager@74b13aa[uid=UserId[id=1830200592],manager={uk.gov.gchq.palisade.example.hrdatagenerator.types.Manager@31d09031[uid=UserId[id=1123424220],manager=<null>],uk.gov.gchq.palisade.example.hrdatagenerator.types.Manager@5a0f5567[uid=UserId[id=50289888],manager=<null>],uk.gov.gchq.palisade.example.hrdatagenerator.types.Manager@106f0051[uid=UserId[id=1597694500],manager=<null>]}],uk.gov.gchq.palisade.example.hrdatagenerator.types.Manager@4fe687b5[uid=UserId[id=1513997357],manager={uk.gov.gchq.palisade.example.hrdatagenerator.types.Manager@7a02d760[uid=UserId[id=304991452],manager=<null>],uk.gov.gchq.palisade.example.hrdatagenerator.types.Manager@5a86112a[uid=UserId[id=590622333],manager=<null>],uk.gov.gchq.palisade.example.hrdatagenerator.types.Manager@3203ffa3[uid=UserId[id=1034503676],manager=<null>]}],uk.gov.gchq.palisade.example.hrdatagenerator.types.Manager@49231d79[uid=UserId[id=161894055],manager={uk.gov.gchq.palisade.example.hrdatagenerator.types.Manager@25f67aea[uid=UserId[id=1169422536],manager=<null>],uk.gov.gchq.palisade.example.hrdatagenerator.types.Manager@4f93303f[uid=UserId[id=1311235345],manager=<null>],uk.gov.gchq.palisade.example.hrdatagenerator.types.Manager@62c02089[uid=UserId[id=1239313358],manager=<null>]}]}],uk.gov.gchq.palisade.example.hrdatagenerator.types.Manager@3359217d[uid=UserId[id=2050698229],manager={uk.gov.gchq.palisade.example.hrdatagenerator.types.Manager@25ee3cd6[uid=UserId[id=440048504],manager={uk.gov.gchq.palisade.example.hrdatagenerator.types.Manager@732ae29c[uid=UserId[id=588558884],manager=<null>],uk.gov.gchq.palisade.example.hrdatagenerator.types.Manager@100d5018[uid=UserId[id=1338663600],manager=<null>],uk.gov.gchq.palisade.example.hrdatagenerator.types.Manager@6a25c9ad[uid=UserId[id=408456151],manager=<null>]}],uk.gov.gchq.palisade.example.hrdatagenerator.types.Manager@3e7940b3[uid=UserId[id=396655486],manager={uk.gov.gchq.palisade.example.hrdatagenerator.types.Manager@1ae37be2[uid=UserId[id=2788683],manager=<null>],uk.gov.gchq.palisade.example.hrdatagenerator.types.Manager@60147536[uid=UserId[id=22944598],manager=<null>],uk.gov.gchq.palisade.example.hrdatagenerator.types.Manager@2438a038[uid=UserId[id=1467861996],manager=<null>]}],uk.gov.gchq.palisade.example.hrdatagenerator.types.Manager@50b010d4[uid=UserId[id=345837908],manager={uk.gov.gchq.palisade.example.hrdatagenerator.types.Manager@510d4d4b[uid=UserId[id=1044234514],manager=<null>],uk.gov.gchq.palisade.example.hrdatagenerator.types.Manager@12f32f99[uid=UserId[id=382369865],manager=<null>],uk.gov.gchq.palisade.example.hrdatagenerator.types.Manager@73ab649f[uid=UserId[id=1046930528],manager=<null>]}]}]},hireDate=5/11/1852,grade=Grade5,department=IT,salaryAmount=641058,salaryBonus=9522,workLocation=uk.gov.gchq.palisade.example.hrdatagenerator.types.WorkLocation@234dfc8e[workLocationName=London,address=uk.gov.gchq.palisade.example.hrdatagenerator.types.Address@18918ab9[streetAddressNumber=87,streetName=Velda Park,city=Port Katlyn,state=Tennessee,zipCode=TO8P 3JE]],sex=Not_Known]" <from records[0]>, "ExampleUser[userId=UserId[id=reggiemint],roles=[SuiteUser, GlossaryBasicUser, CMUser],auths=[],name=Reggie Mint,email=reggie.mint@cocopharmaceutical.com,dn=uid=reggiemint,ou=People,dc=example,dc=org]" <from users[0]>, "Context[contents={purpose=SALARY_ANALYSIS}]" <from contexts[3]>)
	at uk.gov.gchq.palisade.example.rule.TestHireDateRule.testHireDateRedacted(TestHireDateRule.java:76)
]]></failure>
  </testcase>
  <testcase name="testUnchangedWithProfileAccess" classname="uk.gov.gchq.palisade.example.rule.TestHireDateRule" time="0"/>
  <testcase name="testContextWithoutPurpose" classname="uk.gov.gchq.palisade.example.rule.TestHireDateRule" time="0"/>
  <testcase name="testNullUser" classname="uk.gov.gchq.palisade.example.rule.TestHireDateRule" time="0"/>
  <testcase name="testNullContext" classname="uk.gov.gchq.palisade.example.rule.TestHireDateRule" time="0"/>
  <testcase name="testNullEmployee" classname="uk.gov.gchq.palisade.example.rule.TestHireDateRule" time="0"/>
</testsuite>